Determining if the pthread_create exist failed with the following output:
Change Dir: /home/travis/build/BytesRobotics/br-core/catkin_ws/build/CMakeFiles/CMakeTmp

Run Build Command:"/usr/bin/make" "cmTC_699a6/fast"
/usr/bin/make -f CMakeFiles/cmTC_699a6.dir/build.make CMakeFiles/cmTC_699a6.dir/build
make[1]: Entering directory '/home/travis/build/BytesRobotics/br-core/catkin_ws/build/CMakeFiles/CMakeTmp'
Building C object CMakeFiles/cmTC_699a6.dir/CheckSymbolExists.c.o
/usr/bin/cc    -o CMakeFiles/cmTC_699a6.dir/CheckSymbolExists.c.o   -c /home/travis/build/BytesRobotics/br-core/catkin_ws/build/CMakeFiles/CMakeTmp/CheckSymbolExists.c
Linking C executable cmTC_699a6
/usr/local/cmake-3.12.4/bin/cmake -E cmake_link_script CMakeFiles/cmTC_699a6.dir/link.txt --verbose=1
/usr/bin/cc      -rdynamic CMakeFiles/cmTC_699a6.dir/CheckSymbolExists.c.o  -o cmTC_699a6 
CMakeFiles/cmTC_699a6.dir/CheckSymbolExists.c.o: In function `main':
CheckSymbolExists.c:(.text+0x1b): undefined reference to `pthread_create'
collect2: error: ld returned 1 exit status
CMakeFiles/cmTC_699a6.dir/build.make:86: recipe for target 'cmTC_699a6' failed
make[1]: *** [cmTC_699a6] Error 1
make[1]: Leaving directory '/home/travis/build/BytesRobotics/br-core/catkin_ws/build/CMakeFiles/CMakeTmp'
Makefile:121: recipe for target 'cmTC_699a6/fast' failed
make: *** [cmTC_699a6/fast] Error 2

File /home/travis/build/BytesRobotics/br-core/catkin_ws/build/CMakeFiles/CMakeTmp/CheckSymbolExists.c:
/* */
#include <pthread.h>

int main(int argc, char** argv)
{
  (void)argv;
#ifndef pthread_create
  return ((int*)(&pthread_create))[argc];
#else
  (void)argc;
  return 0;
#endif
}

Determining if the function pthread_create exists in the pthreads failed with the following output:
Change Dir: /home/travis/build/BytesRobotics/br-core/catkin_ws/build/CMakeFiles/CMakeTmp

Run Build Command:"/usr/bin/make" "cmTC_09d81/fast"
/usr/bin/make -f CMakeFiles/cmTC_09d81.dir/build.make CMakeFiles/cmTC_09d81.dir/build
make[1]: Entering directory '/home/travis/build/BytesRobotics/br-core/catkin_ws/build/CMakeFiles/CMakeTmp'
Building C object CMakeFiles/cmTC_09d81.dir/CheckFunctionExists.c.o
/usr/bin/cc   -DCHECK_FUNCTION_EXISTS=pthread_create   -o CMakeFiles/cmTC_09d81.dir/CheckFunctionExists.c.o   -c /usr/local/cmake-3.12.4/share/cmake-3.12/Modules/CheckFunctionExists.c
Linking C executable cmTC_09d81
/usr/local/cmake-3.12.4/bin/cmake -E cmake_link_script CMakeFiles/cmTC_09d81.dir/link.txt --verbose=1
/usr/bin/cc  -DCHECK_FUNCTION_EXISTS=pthread_create    -rdynamic CMakeFiles/cmTC_09d81.dir/CheckFunctionExists.c.o  -o cmTC_09d81 -lpthreads 
/usr/bin/ld: cannot find -lpthreads
collect2: error: ld returned 1 exit status
CMakeFiles/cmTC_09d81.dir/build.make:86: recipe for target 'cmTC_09d81' failed
make[1]: *** [cmTC_09d81] Error 1
make[1]: Leaving directory '/home/travis/build/BytesRobotics/br-core/catkin_ws/build/CMakeFiles/CMakeTmp'
Makefile:121: recipe for target 'cmTC_09d81/fast' failed
make: *** [cmTC_09d81/fast] Error 2


