Determining if the pthread_create exist failed with the following output:
Change Dir: /home/travis/build/BytesRobotics/br-core/catkin_ws/build/CMakeFiles/CMakeTmp

Run Build Command:"/usr/bin/make" "cmTC_a8194/fast"
/usr/bin/make -f CMakeFiles/cmTC_a8194.dir/build.make CMakeFiles/cmTC_a8194.dir/build
make[1]: Entering directory '/home/travis/build/BytesRobotics/br-core/catkin_ws/build/CMakeFiles/CMakeTmp'
Building C object CMakeFiles/cmTC_a8194.dir/CheckSymbolExists.c.o
/usr/bin/cc    -o CMakeFiles/cmTC_a8194.dir/CheckSymbolExists.c.o   -c /home/travis/build/BytesRobotics/br-core/catkin_ws/build/CMakeFiles/CMakeTmp/CheckSymbolExists.c
Linking C executable cmTC_a8194
/usr/local/cmake-3.12.4/bin/cmake -E cmake_link_script CMakeFiles/cmTC_a8194.dir/link.txt --verbose=1
/usr/bin/cc      -rdynamic CMakeFiles/cmTC_a8194.dir/CheckSymbolExists.c.o  -o cmTC_a8194 
CMakeFiles/cmTC_a8194.dir/CheckSymbolExists.c.o: In function `main':
CheckSymbolExists.c:(.text+0x1b): undefined reference to `pthread_create'
collect2: error: ld returned 1 exit status
CMakeFiles/cmTC_a8194.dir/build.make:86: recipe for target 'cmTC_a8194' failed
make[1]: *** [cmTC_a8194] Error 1
make[1]: Leaving directory '/home/travis/build/BytesRobotics/br-core/catkin_ws/build/CMakeFiles/CMakeTmp'
Makefile:121: recipe for target 'cmTC_a8194/fast' failed
make: *** [cmTC_a8194/fast] Error 2

File /home/travis/build/BytesRobotics/br-core/catkin_ws/build/CMakeFiles/CMakeTmp/CheckSymbolExists.c:
/* */
#include <pthread.h>

int main(int argc, char** argv)
{
  (void)argv;
#ifndef pthread_create
  return ((int*)(&pthread_create))[argc];
#else
  (void)argc;
  return 0;
#endif
}

Determining if the function pthread_create exists in the pthreads failed with the following output:
Change Dir: /home/travis/build/BytesRobotics/br-core/catkin_ws/build/CMakeFiles/CMakeTmp

Run Build Command:"/usr/bin/make" "cmTC_e1281/fast"
/usr/bin/make -f CMakeFiles/cmTC_e1281.dir/build.make CMakeFiles/cmTC_e1281.dir/build
make[1]: Entering directory '/home/travis/build/BytesRobotics/br-core/catkin_ws/build/CMakeFiles/CMakeTmp'
Building C object CMakeFiles/cmTC_e1281.dir/CheckFunctionExists.c.o
/usr/bin/cc   -DCHECK_FUNCTION_EXISTS=pthread_create   -o CMakeFiles/cmTC_e1281.dir/CheckFunctionExists.c.o   -c /usr/local/cmake-3.12.4/share/cmake-3.12/Modules/CheckFunctionExists.c
Linking C executable cmTC_e1281
/usr/local/cmake-3.12.4/bin/cmake -E cmake_link_script CMakeFiles/cmTC_e1281.dir/link.txt --verbose=1
/usr/bin/cc  -DCHECK_FUNCTION_EXISTS=pthread_create    -rdynamic CMakeFiles/cmTC_e1281.dir/CheckFunctionExists.c.o  -o cmTC_e1281 -lpthreads 
/usr/bin/ld: cannot find -lpthreads
collect2: error: ld returned 1 exit status
CMakeFiles/cmTC_e1281.dir/build.make:86: recipe for target 'cmTC_e1281' failed
make[1]: *** [cmTC_e1281] Error 1
make[1]: Leaving directory '/home/travis/build/BytesRobotics/br-core/catkin_ws/build/CMakeFiles/CMakeTmp'
Makefile:121: recipe for target 'cmTC_e1281/fast' failed
make: *** [cmTC_e1281/fast] Error 2


